<?xml version="1.0" encoding="UTF-8"?>
<!-- Generated by org.testng.reporters.JUnitXMLReporter -->
<testsuite hostname="DESKTOP-FA927CI" ignored="0" name="Test(failed)" tests="1" failures="1" timestamp="2023-05-01T10:41:28 IST" time="0.875" errors="0">
  <testcase name="@AfterMethod teardown" time="0.0" classname="freeCRmAuto1.ProjectSpecificMethods">
    <failure type="java.lang.NullPointerException">
      <![CDATA[java.lang.NullPointerException
at freeCRmAuto1.ProjectSpecificMethods.teardown(ProjectSpecificMethods.java:28)
at java.util.concurrent.ThreadPoolExecutor.runWorker(ThreadPoolExecutor.java:1149)
at java.util.concurrent.ThreadPoolExecutor$Worker.run(ThreadPoolExecutor.java:624)
at java.lang.Thread.run(Thread.java:748)
... Removed 17 stack frames]]>
    </failure>
  </testcase> <!-- @AfterMethod teardown -->
  <testcase name="@AfterMethod Postconditions" time="-1.682917887807E9" classname="freeCRmAuto1.BaseClass">
    <skipped/>
  </testcase> <!-- @AfterMethod Postconditions -->
  <testcase name="Login" time="0.018" classname="com.PageObjectModel.LoginPage">
    <failure type="java.lang.NullPointerException">
      <![CDATA[java.lang.NullPointerException
at com.PageObjectModel.LoginPage.Login(LoginPage.java:20)
at java.util.concurrent.ThreadPoolExecutor.runWorker(ThreadPoolExecutor.java:1149)
at java.util.concurrent.ThreadPoolExecutor$Worker.run(ThreadPoolExecutor.java:624)
at java.lang.Thread.run(Thread.java:748)
... Removed 12 stack frames]]>
    </failure>
  </testcase> <!-- Login -->
</testsuite> <!-- Test(failed) -->
